Start testing: Sep 12 20:11 SE Asia Standard Time
----------------------------------------------------------
1/2 Testing: file_reader_test
1/2 Test: file_reader_test
Command: "D:/homegrowh_harness/.cmake-build-filesystems/Debug/file_reader.exe"
Directory: D:/homegrowh_harness/.cmake-build-filesystems
"file_reader_test" start time: Sep 12 20:11 SE Asia Standard Time
Output:
----------------------------------------------------------
Read integration test passed.
<end of output>
Test time =   2.67 sec
----------------------------------------------------------
Test Passed.
"file_reader_test" end time: Sep 12 20:11 SE Asia Standard Time
"file_reader_test" time elapsed: 00:00:02
----------------------------------------------------------

2/2 Testing: file_edit_test
2/2 Test: file_edit_test
Command: "D:/homegrowh_harness/.cmake-build-filesystems/Debug/file_edit.exe"
Directory: D:/homegrowh_harness/.cmake-build-filesystems
"file_edit_test" start time: Sep 12 20:11 SE Asia Standard Time
Output:
----------------------------------------------------------
Edit integration test passed.
<end of output>
Test time =   1.75 sec
----------------------------------------------------------
Test Passed.
"file_edit_test" end time: Sep 12 20:11 SE Asia Standard Time
"file_edit_test" time elapsed: 00:00:01
----------------------------------------------------------

End testing: Sep 12 20:11 SE Asia Standard Time
